  [1m[36m (25.4ms)[0m  [1mCREATE TABLE "schema_migrations" ("version" character varying NOT NULL) [0m
  [1m[35m (118.2ms)[0m  CREATE UNIQUE INDEX  "unique_schema_migrations" ON "schema_migrations"  ("version")
  [1m[36mActiveRecord::SchemaMigration Load (0.5ms)[0m  [1mSELECT "schema_migrations".* FROM "schema_migrations"[0m
Migrating to CreateItems (20161221115800)
  [1m[35m (0.3ms)[0m  BEGIN
DEPRECATION WARNING: `#timestamps` was called without specifying an option for `null`. In Rails 5, this behavior will change to `null: false`. You should manually specify `null: true` to prevent the behavior of your existing migrations from changing. (called from block in change at /home/nextacademy/Desktop/NEXT/indiv-assess/db/migrate/20161221115800_create_items.rb:9)
  [1m[36m (16.3ms)[0m  [1mCREATE TABLE "items" ("id" serial primary key, "name" character varying NOT NULL, "description" text NOT NULL, "price" integer NOT NULL, "email" character varying NOT NULL, "role" integer DEFAULT 0, "created_at" timestamp, "updated_at" timestamp) [0m
  [1m[35mSQL (0.4ms)[0m  INSERT INTO "schema_migrations" ("version") VALUES ($1)  [["version", "20161221115800"]]
  [1m[36m (1.4ms)[0m  [1mCOMMIT[0m
Migrating to AddImageToItems (20161221124800)
  [1m[35m (0.3ms)[0m  BEGIN
  [1m[36m (0.6ms)[0m  [1mALTER TABLE "items" ADD "image" character varying[0m
  [1m[35mSQL (2.9ms)[0m  INSERT INTO "schema_migrations" ("version") VALUES ($1)  [["version", "20161221124800"]]
  [1m[36m (1.4ms)[0m  [1mCOMMIT[0m
Migrating to CreatePurchases (20161221141100)
  [1m[35m (0.2ms)[0m  BEGIN
DEPRECATION WARNING: `#timestamps` was called without specifying an option for `null`. In Rails 5, this behavior will change to `null: false`. You should manually specify `null: true` to prevent the behavior of your existing migrations from changing. (called from block in change at /home/nextacademy/Desktop/NEXT/indiv-assess/db/migrate/20161221141100_create_purchases.rb:7)
  [1m[36m (18.7ms)[0m  [1mCREATE TABLE "purchases" ("id" serial primary key, "email" character varying NOT NULL, "item_id" integer NOT NULL, "created_at" timestamp, "updated_at" timestamp) [0m
  [1m[35mSQL (0.2ms)[0m  INSERT INTO "schema_migrations" ("version") VALUES ($1)  [["version", "20161221141100"]]
  [1m[36m (1.9ms)[0m  [1mCOMMIT[0m
Migrating to AddAvailableToItems (20161221152600)
  [1m[35m (0.2ms)[0m  BEGIN
  [1m[36m (13.8ms)[0m  [1mALTER TABLE "items" ADD "available" bool DEFAULT 't' NOT NULL[0m
  [1m[35mSQL (1.5ms)[0m  INSERT INTO "schema_migrations" ("version") VALUES ($1)  [["version", "20161221152600"]]
  [1m[36m (4.8ms)[0m  [1mCOMMIT[0m
Migrating to CreateUsers (20161221165000)
  [1m[35m (0.3ms)[0m  BEGIN
DEPRECATION WARNING: `#timestamps` was called without specifying an option for `null`. In Rails 5, this behavior will change to `null: false`. You should manually specify `null: true` to prevent the behavior of your existing migrations from changing. (called from block in change at /home/nextacademy/Desktop/NEXT/indiv-assess/db/migrate/20161221165000_create_users.rb:8)
  [1m[36m (12.3ms)[0m  [1mCREATE TABLE "users" ("id" serial primary key, "username" character varying NOT NULL, "email" character varying NOT NULL, "password_hash" character varying NOT NULL, "created_at" timestamp, "updated_at" timestamp) [0m
  [1m[35mSQL (0.2ms)[0m  INSERT INTO "schema_migrations" ("version") VALUES ($1)  [["version", "20161221165000"]]
  [1m[36m (2.1ms)[0m  [1mCOMMIT[0m
Migrating to AddUserIdToItems (20161221170100)
  [1m[35m (0.2ms)[0m  BEGIN
  [1m[36m (0.6ms)[0m  [1mALTER TABLE "items" ADD "seller_id" integer[0m
  [1m[35mSQL (0.3ms)[0m  INSERT INTO "schema_migrations" ("version") VALUES ($1)  [["version", "20161221170100"]]
  [1m[36m (1.4ms)[0m  [1mCOMMIT[0m
Migrating to AddUserIdToPurchases (20161221172400)
  [1m[35m (0.2ms)[0m  BEGIN
  [1m[36m (0.5ms)[0m  [1mALTER TABLE "purchases" ADD "purchaser_id" integer[0m
  [1m[35mSQL (0.2ms)[0m  INSERT INTO "schema_migrations" ("version") VALUES ($1)  [["version", "20161221172400"]]
  [1m[36m (1.5ms)[0m  [1mCOMMIT[0m
Migrating to RemoveEmailFromItems (20161221175300)
  [1m[35m (0.3ms)[0m  BEGIN
  [1m[36m (0.5ms)[0m  [1mALTER TABLE "items" DROP "email"[0m
  [1m[35mSQL (4.2ms)[0m  INSERT INTO "schema_migrations" ("version") VALUES ($1)  [["version", "20161221175300"]]
  [1m[36m (1.6ms)[0m  [1mCOMMIT[0m
Migrating to RemoveEmailFromPurchases (20161221181400)
  [1m[35m (0.2ms)[0m  BEGIN
  [1m[36m (0.5ms)[0m  [1mALTER TABLE "purchases" DROP "email"[0m
  [1m[35mSQL (0.5ms)[0m  INSERT INTO "schema_migrations" ("version") VALUES ($1)  [["version", "20161221181400"]]
  [1m[36m (1.6ms)[0m  [1mCOMMIT[0m
Migrating to AddNotNullConstraintToItemsAndPurchases (20161221190300)
  [1m[35m (0.1ms)[0m  BEGIN
  [1m[36m (0.5ms)[0m  [1mALTER TABLE "purchases" ALTER COLUMN "purchaser_id" TYPE integer[0m
  [1m[35m (0.3ms)[0m  ALTER TABLE "purchases" ALTER "purchaser_id" SET NOT NULL
  [1m[36m (0.4ms)[0m  [1mALTER TABLE "items" ALTER COLUMN "seller_id" TYPE integer[0m
  [1m[35m (0.3ms)[0m  ALTER TABLE "items" ALTER "seller_id" SET NOT NULL
  [1m[36mSQL (0.2ms)[0m  [1mINSERT INTO "schema_migrations" ("version") VALUES ($1)[0m  [["version", "20161221190300"]]
  [1m[35m (1.5ms)[0m  COMMIT
Migrating to ChangePriceToBuyItNowPrice (20161221192900)
  [1m[36m (0.2ms)[0m  [1mBEGIN[0m
  [1m[35m (12.8ms)[0m  ALTER TABLE "items" ALTER COLUMN "price" TYPE decimal(10,2)
  [1m[36m (2.9ms)[0m  [1mALTER TABLE "items" ALTER "price" DROP NOT NULL[0m
  [1m[35m (3.1ms)[0m  ALTER TABLE "items" RENAME COLUMN "price" TO "buy_it_now_price"
  [1m[36mSQL (0.3ms)[0m  [1mINSERT INTO "schema_migrations" ("version") VALUES ($1)[0m  [["version", "20161221192900"]]
  [1m[35m (2.5ms)[0m  COMMIT
Migrating to AddAuctionEndTimeAndCurrentBid (20161222093900)
  [1m[36m (0.5ms)[0m  [1mBEGIN[0m
  [1m[35m (0.6ms)[0m  ALTER TABLE "items" ADD "auction_end_time" timestamp
  [1m[36m (0.8ms)[0m  [1mALTER TABLE "items" ADD "starting_bid_price" decimal(10,2)[0m
  [1m[35mSQL (0.2ms)[0m  INSERT INTO "schema_migrations" ("version") VALUES ($1)  [["version", "20161222093900"]]
  [1m[36m (34.5ms)[0m  [1mCOMMIT[0m
Migrating to CreateBids (20161222113800)
  [1m[35m (0.3ms)[0m  BEGIN
DEPRECATION WARNING: `#timestamps` was called without specifying an option for `null`. In Rails 5, this behavior will change to `null: false`. You should manually specify `null: true` to prevent the behavior of your existing migrations from changing. (called from block in change at /home/nextacademy/Desktop/NEXT/indiv-assess/db/migrate/20161222113800_create_bids.rb:8)
  [1m[36m (9.0ms)[0m  [1mCREATE TABLE "bids" ("id" serial primary key, "item_id" integer NOT NULL, "bidder_id" integer NOT NULL, "amount" decimal(10,2) NOT NULL, "created_at" timestamp, "updated_at" timestamp) [0m
  [1m[35mSQL (0.2ms)[0m  INSERT INTO "schema_migrations" ("version") VALUES ($1)  [["version", "20161222113800"]]
  [1m[36m (1.5ms)[0m  [1mCOMMIT[0m
Migrating to CreateTags (20161222162400)
  [1m[35m (0.2ms)[0m  BEGIN
DEPRECATION WARNING: `#timestamps` was called without specifying an option for `null`. In Rails 5, this behavior will change to `null: false`. You should manually specify `null: true` to prevent the behavior of your existing migrations from changing. (called from block in change at /home/nextacademy/Desktop/NEXT/indiv-assess/db/migrate/20161222162400_create_tags.rb:6)
  [1m[36m (9.4ms)[0m  [1mCREATE TABLE "tags" ("id" serial primary key, "name" character varying NOT NULL, "created_at" timestamp, "updated_at" timestamp) [0m
  [1m[35mSQL (0.2ms)[0m  INSERT INTO "schema_migrations" ("version") VALUES ($1)  [["version", "20161222162400"]]
  [1m[36m (1.7ms)[0m  [1mCOMMIT[0m
Migrating to CreateTaggings (20161222171200)
  [1m[35m (0.2ms)[0m  BEGIN
DEPRECATION WARNING: `#timestamps` was called without specifying an option for `null`. In Rails 5, this behavior will change to `null: false`. You should manually specify `null: true` to prevent the behavior of your existing migrations from changing. (called from block in change at /home/nextacademy/Desktop/NEXT/indiv-assess/db/migrate/20161222171200_create_taggings.rb:7)
  [1m[36m (5.8ms)[0m  [1mCREATE TABLE "taggings" ("id" serial primary key, "item_id" integer NOT NULL, "tag_id" integer NOT NULL, "created_at" timestamp, "updated_at" timestamp) [0m
  [1m[35mSQL (0.2ms)[0m  INSERT INTO "schema_migrations" ("version") VALUES ($1)  [["version", "20161222171200"]]
  [1m[36m (1.7ms)[0m  [1mCOMMIT[0m
  [1m[35mActiveRecord::SchemaMigration Load (0.3ms)[0m  SELECT "schema_migrations".* FROM "schema_migrations"
  [1m[36m (15.9ms)[0m  [1mSELECT t2.oid::regclass::text AS to_table, a1.attname AS column, a2.attname AS primary_key, c.conname AS name, c.confupdtype AS on_update, c.confdeltype AS on_delete
FROM pg_constraint c
JOIN pg_class t1 ON c.conrelid = t1.oid
JOIN pg_class t2 ON c.confrelid = t2.oid
JOIN pg_attribute a1 ON a1.attnum = c.conkey[1] AND a1.attrelid = t1.oid
JOIN pg_attribute a2 ON a2.attnum = c.confkey[1] AND a2.attrelid = t2.oid
JOIN pg_namespace t3 ON c.connamespace = t3.oid
WHERE c.contype = 'f'
  AND t1.relname = 'bids'
  AND t3.nspname = ANY (current_schemas(false))
ORDER BY c.conname
[0m
  [1m[35m (4.5ms)[0m  SELECT t2.oid::regclass::text AS to_table, a1.attname AS column, a2.attname AS primary_key, c.conname AS name, c.confupdtype AS on_update, c.confdeltype AS on_delete
FROM pg_constraint c
JOIN pg_class t1 ON c.conrelid = t1.oid
JOIN pg_class t2 ON c.confrelid = t2.oid
JOIN pg_attribute a1 ON a1.attnum = c.conkey[1] AND a1.attrelid = t1.oid
JOIN pg_attribute a2 ON a2.attnum = c.confkey[1] AND a2.attrelid = t2.oid
JOIN pg_namespace t3 ON c.connamespace = t3.oid
WHERE c.contype = 'f'
  AND t1.relname = 'items'
  AND t3.nspname = ANY (current_schemas(false))
ORDER BY c.conname

  [1m[36m (12.9ms)[0m  [1mSELECT t2.oid::regclass::text AS to_table, a1.attname AS column, a2.attname AS primary_key, c.conname AS name, c.confupdtype AS on_update, c.confdeltype AS on_delete
FROM pg_constraint c
JOIN pg_class t1 ON c.conrelid = t1.oid
JOIN pg_class t2 ON c.confrelid = t2.oid
JOIN pg_attribute a1 ON a1.attnum = c.conkey[1] AND a1.attrelid = t1.oid
JOIN pg_attribute a2 ON a2.attnum = c.confkey[1] AND a2.attrelid = t2.oid
JOIN pg_namespace t3 ON c.connamespace = t3.oid
WHERE c.contype = 'f'
  AND t1.relname = 'purchases'
  AND t3.nspname = ANY (current_schemas(false))
ORDER BY c.conname
[0m
  [1m[35m (12.4ms)[0m  SELECT t2.oid::regclass::text AS to_table, a1.attname AS column, a2.attname AS primary_key, c.conname AS name, c.confupdtype AS on_update, c.confdeltype AS on_delete
FROM pg_constraint c
JOIN pg_class t1 ON c.conrelid = t1.oid
JOIN pg_class t2 ON c.confrelid = t2.oid
JOIN pg_attribute a1 ON a1.attnum = c.conkey[1] AND a1.attrelid = t1.oid
JOIN pg_attribute a2 ON a2.attnum = c.confkey[1] AND a2.attrelid = t2.oid
JOIN pg_namespace t3 ON c.connamespace = t3.oid
WHERE c.contype = 'f'
  AND t1.relname = 'taggings'
  AND t3.nspname = ANY (current_schemas(false))
ORDER BY c.conname

  [1m[36m (4.6ms)[0m  [1mSELECT t2.oid::regclass::text AS to_table, a1.attname AS column, a2.attname AS primary_key, c.conname AS name, c.confupdtype AS on_update, c.confdeltype AS on_delete
FROM pg_constraint c
JOIN pg_class t1 ON c.conrelid = t1.oid
JOIN pg_class t2 ON c.confrelid = t2.oid
JOIN pg_attribute a1 ON a1.attnum = c.conkey[1] AND a1.attrelid = t1.oid
JOIN pg_attribute a2 ON a2.attnum = c.confkey[1] AND a2.attrelid = t2.oid
JOIN pg_namespace t3 ON c.connamespace = t3.oid
WHERE c.contype = 'f'
  AND t1.relname = 'tags'
  AND t3.nspname = ANY (current_schemas(false))
ORDER BY c.conname
[0m
  [1m[35m (12.2ms)[0m  SELECT t2.oid::regclass::text AS to_table, a1.attname AS column, a2.attname AS primary_key, c.conname AS name, c.confupdtype AS on_update, c.confdeltype AS on_delete
FROM pg_constraint c
JOIN pg_class t1 ON c.conrelid = t1.oid
JOIN pg_class t2 ON c.confrelid = t2.oid
JOIN pg_attribute a1 ON a1.attnum = c.conkey[1] AND a1.attrelid = t1.oid
JOIN pg_attribute a2 ON a2.attnum = c.confkey[1] AND a2.attrelid = t2.oid
JOIN pg_namespace t3 ON c.connamespace = t3.oid
WHERE c.contype = 'f'
  AND t1.relname = 'users'
  AND t3.nspname = ANY (current_schemas(false))
ORDER BY c.conname

  [1m[36m (33.3ms)[0m  [1mCREATE TABLE "schema_migrations" ("version" character varying NOT NULL) [0m
  [1m[35m (4.7ms)[0m  CREATE UNIQUE INDEX  "unique_schema_migrations" ON "schema_migrations"  ("version")
  [1m[36mActiveRecord::SchemaMigration Load (0.3ms)[0m  [1mSELECT "schema_migrations".* FROM "schema_migrations"[0m
Migrating to CreateItems (20161221115800)
  [1m[35m (0.1ms)[0m  BEGIN
DEPRECATION WARNING: `#timestamps` was called without specifying an option for `null`. In Rails 5, this behavior will change to `null: false`. You should manually specify `null: true` to prevent the behavior of your existing migrations from changing. (called from block in change at /home/nextacademy/Desktop/NEXT/indiv-assess/db/migrate/20161221115800_create_items.rb:9)
  [1m[36m (16.3ms)[0m  [1mCREATE TABLE "items" ("id" serial primary key, "name" character varying NOT NULL, "description" text NOT NULL, "price" integer NOT NULL, "email" character varying NOT NULL, "role" integer DEFAULT 0, "created_at" timestamp, "updated_at" timestamp) [0m
  [1m[35mSQL (0.4ms)[0m  INSERT INTO "schema_migrations" ("version") VALUES ($1)  [["version", "20161221115800"]]
  [1m[36m (3.0ms)[0m  [1mCOMMIT[0m
Migrating to AddImageToItems (20161221124800)
  [1m[35m (0.3ms)[0m  BEGIN
  [1m[36m (0.4ms)[0m  [1mALTER TABLE "items" ADD "image" character varying[0m
  [1m[35mSQL (3.7ms)[0m  INSERT INTO "schema_migrations" ("version") VALUES ($1)  [["version", "20161221124800"]]
  [1m[36m (1.3ms)[0m  [1mCOMMIT[0m
Migrating to CreatePurchases (20161221141100)
  [1m[35m (0.2ms)[0m  BEGIN
DEPRECATION WARNING: `#timestamps` was called without specifying an option for `null`. In Rails 5, this behavior will change to `null: false`. You should manually specify `null: true` to prevent the behavior of your existing migrations from changing. (called from block in change at /home/nextacademy/Desktop/NEXT/indiv-assess/db/migrate/20161221141100_create_purchases.rb:7)
  [1m[36m (8.5ms)[0m  [1mCREATE TABLE "purchases" ("id" serial primary key, "email" character varying NOT NULL, "item_id" integer NOT NULL, "created_at" timestamp, "updated_at" timestamp) [0m
  [1m[35mSQL (0.2ms)[0m  INSERT INTO "schema_migrations" ("version") VALUES ($1)  [["version", "20161221141100"]]
  [1m[36m (1.8ms)[0m  [1mCOMMIT[0m
Migrating to AddAvailableToItems (20161221152600)
  [1m[35m (0.2ms)[0m  BEGIN
  [1m[36m (9.6ms)[0m  [1mALTER TABLE "items" ADD "available" bool DEFAULT 't' NOT NULL[0m
  [1m[35mSQL (0.1ms)[0m  INSERT INTO "schema_migrations" ("version") VALUES ($1)  [["version", "20161221152600"]]
  [1m[36m (1.6ms)[0m  [1mCOMMIT[0m
Migrating to CreateUsers (20161221165000)
  [1m[35m (0.2ms)[0m  BEGIN
DEPRECATION WARNING: `#timestamps` was called without specifying an option for `null`. In Rails 5, this behavior will change to `null: false`. You should manually specify `null: true` to prevent the behavior of your existing migrations from changing. (called from block in change at /home/nextacademy/Desktop/NEXT/indiv-assess/db/migrate/20161221165000_create_users.rb:8)
  [1m[36m (9.2ms)[0m  [1mCREATE TABLE "users" ("id" serial primary key, "username" character varying NOT NULL, "email" character varying NOT NULL, "password_hash" character varying NOT NULL, "role" integer DEFAULT 0, "created_at" timestamp, "updated_at" timestamp) [0m
  [1m[35mSQL (0.2ms)[0m  INSERT INTO "schema_migrations" ("version") VALUES ($1)  [["version", "20161221165000"]]
  [1m[36m (1.4ms)[0m  [1mCOMMIT[0m
Migrating to AddUserIdToItems (20161221170100)
  [1m[35m (0.2ms)[0m  BEGIN
  [1m[36m (0.4ms)[0m  [1mALTER TABLE "items" ADD "seller_id" integer[0m
  [1m[35mSQL (0.1ms)[0m  INSERT INTO "schema_migrations" ("version") VALUES ($1)  [["version", "20161221170100"]]
  [1m[36m (1.2ms)[0m  [1mCOMMIT[0m
Migrating to AddUserIdToPurchases (20161221172400)
  [1m[35m (0.1ms)[0m  BEGIN
  [1m[36m (0.3ms)[0m  [1mALTER TABLE "purchases" ADD "purchaser_id" integer[0m
  [1m[35mSQL (0.1ms)[0m  INSERT INTO "schema_migrations" ("version") VALUES ($1)  [["version", "20161221172400"]]
  [1m[36m (1.0ms)[0m  [1mCOMMIT[0m
Migrating to RemoveEmailFromItems (20161221175300)
  [1m[35m (0.1ms)[0m  BEGIN
  [1m[36m (0.2ms)[0m  [1mALTER TABLE "items" DROP "email"[0m
  [1m[35mSQL (0.2ms)[0m  INSERT INTO "schema_migrations" ("version") VALUES ($1)  [["version", "20161221175300"]]
  [1m[36m (1.3ms)[0m  [1mCOMMIT[0m
Migrating to RemoveEmailFromPurchases (20161221181400)
  [1m[35m (0.1ms)[0m  BEGIN
  [1m[36m (0.5ms)[0m  [1mALTER TABLE "purchases" DROP "email"[0m
  [1m[35mSQL (0.4ms)[0m  INSERT INTO "schema_migrations" ("version") VALUES ($1)  [["version", "20161221181400"]]
  [1m[36m (33.4ms)[0m  [1mCOMMIT[0m
Migrating to AddNotNullConstraintToItemsAndPurchases (20161221190300)
  [1m[35m (0.1ms)[0m  BEGIN
  [1m[36m (0.4ms)[0m  [1mALTER TABLE "purchases" ALTER COLUMN "purchaser_id" TYPE integer[0m
  [1m[35m (0.4ms)[0m  ALTER TABLE "purchases" ALTER "purchaser_id" SET NOT NULL
  [1m[36m (0.3ms)[0m  [1mALTER TABLE "items" ALTER COLUMN "seller_id" TYPE integer[0m
  [1m[35m (0.3ms)[0m  ALTER TABLE "items" ALTER "seller_id" SET NOT NULL
  [1m[36mSQL (0.2ms)[0m  [1mINSERT INTO "schema_migrations" ("version") VALUES ($1)[0m  [["version", "20161221190300"]]
  [1m[35m (8.7ms)[0m  COMMIT
Migrating to ChangePriceToBuyItNowPrice (20161221192900)
  [1m[36m (0.3ms)[0m  [1mBEGIN[0m
  [1m[35m (78.6ms)[0m  ALTER TABLE "items" ALTER COLUMN "price" TYPE decimal(10,2)
  [1m[36m (0.3ms)[0m  [1mALTER TABLE "items" ALTER "price" DROP NOT NULL[0m
  [1m[35m (0.2ms)[0m  ALTER TABLE "items" RENAME COLUMN "price" TO "buy_it_now_price"
  [1m[36mSQL (0.1ms)[0m  [1mINSERT INTO "schema_migrations" ("version") VALUES ($1)[0m  [["version", "20161221192900"]]
  [1m[35m (22.1ms)[0m  COMMIT
Migrating to AddAuctionEndTimeAndCurrentBid (20161222093900)
  [1m[36m (0.3ms)[0m  [1mBEGIN[0m
  [1m[35m (0.5ms)[0m  ALTER TABLE "items" ADD "auction_end_time" timestamp
  [1m[36m (0.2ms)[0m  [1mALTER TABLE "items" ADD "starting_bid_price" decimal(10,2)[0m
  [1m[35mSQL (2.6ms)[0m  INSERT INTO "schema_migrations" ("version") VALUES ($1)  [["version", "20161222093900"]]
  [1m[36m (1.2ms)[0m  [1mCOMMIT[0m
Migrating to CreateBids (20161222113800)
  [1m[35m (0.1ms)[0m  BEGIN
DEPRECATION WARNING: `#timestamps` was called without specifying an option for `null`. In Rails 5, this behavior will change to `null: false`. You should manually specify `null: true` to prevent the behavior of your existing migrations from changing. (called from block in change at /home/nextacademy/Desktop/NEXT/indiv-assess/db/migrate/20161222113800_create_bids.rb:8)
  [1m[36m (5.1ms)[0m  [1mCREATE TABLE "bids" ("id" serial primary key, "item_id" integer NOT NULL, "bidder_id" integer NOT NULL, "amount" decimal(10,2) NOT NULL, "created_at" timestamp, "updated_at" timestamp) [0m
  [1m[35mSQL (0.1ms)[0m  INSERT INTO "schema_migrations" ("version") VALUES ($1)  [["version", "20161222113800"]]
  [1m[36m (1.2ms)[0m  [1mCOMMIT[0m
Migrating to CreateTags (20161222162400)
  [1m[35m (0.1ms)[0m  BEGIN
DEPRECATION WARNING: `#timestamps` was called without specifying an option for `null`. In Rails 5, this behavior will change to `null: false`. You should manually specify `null: true` to prevent the behavior of your existing migrations from changing. (called from block in change at /home/nextacademy/Desktop/NEXT/indiv-assess/db/migrate/20161222162400_create_tags.rb:6)
  [1m[36m (12.3ms)[0m  [1mCREATE TABLE "tags" ("id" serial primary key, "name" character varying NOT NULL, "created_at" timestamp, "updated_at" timestamp) [0m
  [1m[35mSQL (0.3ms)[0m  INSERT INTO "schema_migrations" ("version") VALUES ($1)  [["version", "20161222162400"]]
  [1m[36m (26.8ms)[0m  [1mCOMMIT[0m
Migrating to CreateTaggings (20161222171200)
  [1m[35m (0.3ms)[0m  BEGIN
DEPRECATION WARNING: `#timestamps` was called without specifying an option for `null`. In Rails 5, this behavior will change to `null: false`. You should manually specify `null: true` to prevent the behavior of your existing migrations from changing. (called from block in change at /home/nextacademy/Desktop/NEXT/indiv-assess/db/migrate/20161222171200_create_taggings.rb:7)
  [1m[36m (10.8ms)[0m  [1mCREATE TABLE "taggings" ("id" serial primary key, "item_id" integer NOT NULL, "tag_id" integer NOT NULL, "created_at" timestamp, "updated_at" timestamp) [0m
  [1m[35mSQL (0.3ms)[0m  INSERT INTO "schema_migrations" ("version") VALUES ($1)  [["version", "20161222171200"]]
  [1m[36m (1.2ms)[0m  [1mCOMMIT[0m
Migrating to CreateAuthentications (20161222174701)
  [1m[35m (0.2ms)[0m  BEGIN
  [1m[36m (9.8ms)[0m  [1mCREATE TABLE "authentications" ("id" serial primary key, "uid" character varying, "token" character varying, "provider" character varying, "user_id" character varying, "created_at" timestamp NOT NULL, "updated_at" timestamp NOT NULL) [0m
  [1m[35mSQL (0.1ms)[0m  INSERT INTO "schema_migrations" ("version") VALUES ($1)  [["version", "20161222174701"]]
  [1m[36m (19.5ms)[0m  [1mCOMMIT[0m
  [1m[35mActiveRecord::SchemaMigration Load (4.4ms)[0m  SELECT "schema_migrations".* FROM "schema_migrations"
  [1m[36m (3.5ms)[0m  [1mSELECT t2.oid::regclass::text AS to_table, a1.attname AS column, a2.attname AS primary_key, c.conname AS name, c.confupdtype AS on_update, c.confdeltype AS on_delete
FROM pg_constraint c
JOIN pg_class t1 ON c.conrelid = t1.oid
JOIN pg_class t2 ON c.confrelid = t2.oid
JOIN pg_attribute a1 ON a1.attnum = c.conkey[1] AND a1.attrelid = t1.oid
JOIN pg_attribute a2 ON a2.attnum = c.confkey[1] AND a2.attrelid = t2.oid
JOIN pg_namespace t3 ON c.connamespace = t3.oid
WHERE c.contype = 'f'
  AND t1.relname = 'authentications'
  AND t3.nspname = ANY (current_schemas(false))
ORDER BY c.conname
[0m
  [1m[35m (2.8ms)[0m  SELECT t2.oid::regclass::text AS to_table, a1.attname AS column, a2.attname AS primary_key, c.conname AS name, c.confupdtype AS on_update, c.confdeltype AS on_delete
FROM pg_constraint c
JOIN pg_class t1 ON c.conrelid = t1.oid
JOIN pg_class t2 ON c.confrelid = t2.oid
JOIN pg_attribute a1 ON a1.attnum = c.conkey[1] AND a1.attrelid = t1.oid
JOIN pg_attribute a2 ON a2.attnum = c.confkey[1] AND a2.attrelid = t2.oid
JOIN pg_namespace t3 ON c.connamespace = t3.oid
WHERE c.contype = 'f'
  AND t1.relname = 'bids'
  AND t3.nspname = ANY (current_schemas(false))
ORDER BY c.conname

  [1m[36m (9.8ms)[0m  [1mSELECT t2.oid::regclass::text AS to_table, a1.attname AS column, a2.attname AS primary_key, c.conname AS name, c.confupdtype AS on_update, c.confdeltype AS on_delete
FROM pg_constraint c
JOIN pg_class t1 ON c.conrelid = t1.oid
JOIN pg_class t2 ON c.confrelid = t2.oid
JOIN pg_attribute a1 ON a1.attnum = c.conkey[1] AND a1.attrelid = t1.oid
JOIN pg_attribute a2 ON a2.attnum = c.confkey[1] AND a2.attrelid = t2.oid
JOIN pg_namespace t3 ON c.connamespace = t3.oid
WHERE c.contype = 'f'
  AND t1.relname = 'items'
  AND t3.nspname = ANY (current_schemas(false))
ORDER BY c.conname
[0m
  [1m[35m (3.6ms)[0m  SELECT t2.oid::regclass::text AS to_table, a1.attname AS column, a2.attname AS primary_key, c.conname AS name, c.confupdtype AS on_update, c.confdeltype AS on_delete
FROM pg_constraint c
JOIN pg_class t1 ON c.conrelid = t1.oid
JOIN pg_class t2 ON c.confrelid = t2.oid
JOIN pg_attribute a1 ON a1.attnum = c.conkey[1] AND a1.attrelid = t1.oid
JOIN pg_attribute a2 ON a2.attnum = c.confkey[1] AND a2.attrelid = t2.oid
JOIN pg_namespace t3 ON c.connamespace = t3.oid
WHERE c.contype = 'f'
  AND t1.relname = 'purchases'
  AND t3.nspname = ANY (current_schemas(false))
ORDER BY c.conname

  [1m[36m (4.6ms)[0m  [1mSELECT t2.oid::regclass::text AS to_table, a1.attname AS column, a2.attname AS primary_key, c.conname AS name, c.confupdtype AS on_update, c.confdeltype AS on_delete
FROM pg_constraint c
JOIN pg_class t1 ON c.conrelid = t1.oid
JOIN pg_class t2 ON c.confrelid = t2.oid
JOIN pg_attribute a1 ON a1.attnum = c.conkey[1] AND a1.attrelid = t1.oid
JOIN pg_attribute a2 ON a2.attnum = c.confkey[1] AND a2.attrelid = t2.oid
JOIN pg_namespace t3 ON c.connamespace = t3.oid
WHERE c.contype = 'f'
  AND t1.relname = 'taggings'
  AND t3.nspname = ANY (current_schemas(false))
ORDER BY c.conname
[0m
  [1m[35m (8.3ms)[0m  SELECT t2.oid::regclass::text AS to_table, a1.attname AS column, a2.attname AS primary_key, c.conname AS name, c.confupdtype AS on_update, c.confdeltype AS on_delete
FROM pg_constraint c
JOIN pg_class t1 ON c.conrelid = t1.oid
JOIN pg_class t2 ON c.confrelid = t2.oid
JOIN pg_attribute a1 ON a1.attnum = c.conkey[1] AND a1.attrelid = t1.oid
JOIN pg_attribute a2 ON a2.attnum = c.confkey[1] AND a2.attrelid = t2.oid
JOIN pg_namespace t3 ON c.connamespace = t3.oid
WHERE c.contype = 'f'
  AND t1.relname = 'tags'
  AND t3.nspname = ANY (current_schemas(false))
ORDER BY c.conname

  [1m[36m (2.9ms)[0m  [1mSELECT t2.oid::regclass::text AS to_table, a1.attname AS column, a2.attname AS primary_key, c.conname AS name, c.confupdtype AS on_update, c.confdeltype AS on_delete
FROM pg_constraint c
JOIN pg_class t1 ON c.conrelid = t1.oid
JOIN pg_class t2 ON c.confrelid = t2.oid
JOIN pg_attribute a1 ON a1.attnum = c.conkey[1] AND a1.attrelid = t1.oid
JOIN pg_attribute a2 ON a2.attnum = c.confkey[1] AND a2.attrelid = t2.oid
JOIN pg_namespace t3 ON c.connamespace = t3.oid
WHERE c.contype = 'f'
  AND t1.relname = 'users'
  AND t3.nspname = ANY (current_schemas(false))
ORDER BY c.conname
[0m


Started GET "/" for 127.0.0.1 at 2016-12-27 11:50:35 +0800
  [1m[36mActiveRecord::SchemaMigration Load (238.8ms)[0m  [1mSELECT "schema_migrations".* FROM "schema_migrations"[0m
Processing by ItemsController#index as HTML
  [1m[35mTag Load (90.4ms)[0m  SELECT  "tags".* FROM "tags" LIMIT 100
  [1m[36mItem Load (55.3ms)[0m  [1mSELECT  "items".* FROM "items" WHERE "items"."available" = $1 LIMIT 100[0m  [["available", "t"]]
  Rendered items/index.html.erb within layouts/application (484.1ms)
  Rendered layouts/_anonymous_user.html.erb (1.6ms)
Completed 200 OK in 87848ms (Views: 86694.7ms | ActiveRecord: 461.5ms)


Started GET "/assets/items.self-4d03af92ca908a0db971cff68b9ec65587bb4b6692b84b3352bae13dfa7e9444.css?body=1" for 127.0.0.1 at 2016-12-27 11:52:11 +0800


Started GET "/assets/purchases.self-967d9d09d7878f80025de1b2b7077698e580ca5ff5746e6be4db3ed219f88724.css?body=1" for 127.0.0.1 at 2016-12-27 11:52:11 +0800


Started GET "/assets/jquery.self-660adc51e0224b731d29f575a6f1ec167ba08ad06ed5deca4f1e8654c135bf4c.js?body=1" for 127.0.0.1 at 2016-12-27 11:52:11 +0800


Started GET "/assets/application.self-c3eddb41429fc30dd182a65ac3b77f7ff62ee52d92f0d6a298f62e80689a6d80.css?body=1" for 127.0.0.1 at 2016-12-27 11:52:11 +0800


Started GET "/assets/jquery_ujs.self-e87806d0cf4489aeb1bb7288016024e8de67fd18db693fe026fe3907581e53cd.js?body=1" for 127.0.0.1 at 2016-12-27 11:52:12 +0800


Started GET "/assets/bootstrap.self-b38817c3e3a3049abb1fc08dd6ae448b23330f8453226efdb074710209474f75.js?body=1" for 127.0.0.1 at 2016-12-27 11:52:12 +0800


Started GET "/assets/countdown.self-4514ebdeaa30ac8cb7358501abc8e7be61a0c66a5136801a185e4ba5d206d068.js?body=1" for 127.0.0.1 at 2016-12-27 11:52:12 +0800


Started GET "/assets/application.self-6f67ecab06da9ca4a72479618db8e412e0dfab1583de2a8b43112aa1aff79484.js?body=1" for 127.0.0.1 at 2016-12-27 11:52:12 +0800


Started GET "/login" for 127.0.0.1 at 2016-12-27 11:59:40 +0800
Processing by SessionsController#new as HTML
  Rendered sessions/new.html.erb within layouts/application (2417.3ms)
  Rendered layouts/_anonymous_user.html.erb (1.5ms)
Completed 200 OK in 2832ms (Views: 2827.0ms | ActiveRecord: 0.0ms)


Started GET "/images/default-favicon.ico" for 127.0.0.1 at 2016-12-27 11:59:44 +0800

ActionController::RoutingError (No route matches [GET] "/images/default-favicon.ico"):
  actionpack (4.2.5) lib/action_dispatch/middleware/debug_exceptions.rb:21:in `call'
  web-console (2.3.0) lib/web_console/middleware.rb:28:in `block in call'
  web-console (2.3.0) lib/web_console/middleware.rb:18:in `catch'
  web-console (2.3.0) lib/web_console/middleware.rb:18:in `call'
  actionpack (4.2.5) lib/action_dispatch/middleware/show_exceptions.rb:30:in `call'
  railties (4.2.5) lib/rails/rack/logger.rb:38:in `call_app'
  railties (4.2.5) lib/rails/rack/logger.rb:20:in `block in call'
  activesupport (4.2.5) lib/active_support/tagged_logging.rb:68:in `block in tagged'
  activesupport (4.2.5) lib/active_support/tagged_logging.rb:26:in `tagged'
  activesupport (4.2.5) lib/active_support/tagged_logging.rb:68:in `tagged'
  railties (4.2.5) lib/rails/rack/logger.rb:20:in `call'
  actionpack (4.2.5) lib/action_dispatch/middleware/request_id.rb:21:in `call'
  rack (1.6.5) lib/rack/methodoverride.rb:22:in `call'
  rack (1.6.5) lib/rack/runtime.rb:18:in `call'
  activesupport (4.2.5) lib/active_support/cache/strategy/local_cache_middleware.rb:28:in `call'
  rack (1.6.5) lib/rack/lock.rb:17:in `call'
  actionpack (4.2.5) lib/action_dispatch/middleware/static.rb:116:in `call'
  rack (1.6.5) lib/rack/sendfile.rb:113:in `call'
  railties (4.2.5) lib/rails/engine.rb:518:in `call'
  railties (4.2.5) lib/rails/application.rb:165:in `call'
  rack (1.6.5) lib/rack/lock.rb:17:in `call'
  rack (1.6.5) lib/rack/content_length.rb:15:in `call'
  rack (1.6.5) lib/rack/handler/webrick.rb:88:in `service'
  /home/nextacademy/.rvm/rubies/ruby-2.3.1/lib/ruby/2.3.0/webrick/httpserver.rb:140:in `service'
  /home/nextacademy/.rvm/rubies/ruby-2.3.1/lib/ruby/2.3.0/webrick/httpserver.rb:96:in `run'
  /home/nextacademy/.rvm/rubies/ruby-2.3.1/lib/ruby/2.3.0/webrick/server.rb:296:in `block in start_thread'


  Rendered /home/nextacademy/.rvm/gems/ruby-2.3.1/gems/actionpack-4.2.5/lib/action_dispatch/middleware/templates/rescues/_trace.html.erb (4.2ms)
  Rendered /home/nextacademy/.rvm/gems/ruby-2.3.1/gems/actionpack-4.2.5/lib/action_dispatch/middleware/templates/routes/_route.html.erb (15.9ms)
  Rendered /home/nextacademy/.rvm/gems/ruby-2.3.1/gems/actionpack-4.2.5/lib/action_dispatch/middleware/templates/routes/_table.html.erb (209.1ms)
  Rendered /home/nextacademy/.rvm/gems/ruby-2.3.1/gems/actionpack-4.2.5/lib/action_dispatch/middleware/templates/rescues/_request_and_response.html.erb (3.9ms)
  Rendered /home/nextacademy/.rvm/gems/ruby-2.3.1/gems/actionpack-4.2.5/lib/action_dispatch/middleware/templates/rescues/routing_error.html.erb within rescues/layout (540.3ms)
  Rendered /home/nextacademy/.rvm/gems/ruby-2.3.1/gems/web-console-2.3.0/lib/web_console/templates/_markup.html.erb (2.0ms)
  Rendered /home/nextacademy/.rvm/gems/ruby-2.3.1/gems/web-console-2.3.0/lib/web_console/templates/_inner_console_markup.html.erb within layouts/inlined_string (1.0ms)
  Rendered /home/nextacademy/.rvm/gems/ruby-2.3.1/gems/web-console-2.3.0/lib/web_console/templates/_prompt_box_markup.html.erb within layouts/inlined_string (1.8ms)
  Rendered /home/nextacademy/.rvm/gems/ruby-2.3.1/gems/web-console-2.3.0/lib/web_console/templates/style.css.erb within layouts/inlined_string (0.9ms)
  Rendered /home/nextacademy/.rvm/gems/ruby-2.3.1/gems/web-console-2.3.0/lib/web_console/templates/console.js.erb within layouts/javascript (232.0ms)
  Rendered /home/nextacademy/.rvm/gems/ruby-2.3.1/gems/web-console-2.3.0/lib/web_console/templates/main.js.erb within layouts/javascript (12.7ms)
  Rendered /home/nextacademy/.rvm/gems/ruby-2.3.1/gems/web-console-2.3.0/lib/web_console/templates/error_page.js.erb within layouts/javascript (1.1ms)
  Rendered /home/nextacademy/.rvm/gems/ruby-2.3.1/gems/web-console-2.3.0/lib/web_console/templates/index.html.erb (459.2ms)


Started GET "/auth/facebook" for 127.0.0.1 at 2016-12-27 11:59:54 +0800
(facebook) Request phase initiated.


Started GET "/auth/facebook" for 127.0.0.1 at 2016-12-27 11:59:55 +0800
(facebook) Request phase initiated.


Started GET "/auth/facebook/callback?code=AQDuxYaOlrUC2qfTvgrxUJfCD_NZN6Io0Va3AnFLyCrJvr4LPkZlUOfe9Fn0p-v2pnpDKTdyq3VeAJkMbvqkexxXw5i7IFldhn1amwNthtcNjzcVCHk-IZCUix3LKd-FK80aFTWbHZeahmLlc10Nn8k9I1Y9e5qj9tJrDyP4FG3s41zSsQMm8GBt-Yvzp_2sb0yj6g-6Sc4GqIwGw6il9BGUf-_xYcfIx5YD6d59VhVWM7r2PEg1nuJJIqTs9d7pC4USFJiCQwfluJT4yim6jGTPsFyqRVkFIrVcKgw7WErJPAxTD9Vw8mnYapl8cofydmU&state=71ddaf1e36896091661f089006584468b357d0f79312abad" for 127.0.0.1 at 2016-12-27 11:59:57 +0800
(facebook) Callback phase initiated.

AbstractController::ActionNotFound (The action 'create_from_omniauth' could not be found for SessionsController):
  actionpack (4.2.5) lib/abstract_controller/base.rb:132:in `process'
  actionview (4.2.5) lib/action_view/rendering.rb:30:in `process'
  actionpack (4.2.5) lib/action_controller/metal.rb:196:in `dispatch'
  actionpack (4.2.5) lib/action_controller/metal/rack_delegation.rb:13:in `dispatch'
  actionpack (4.2.5) lib/action_controller/metal.rb:237:in `block in action'
  actionpack (4.2.5) lib/action_dispatch/routing/route_set.rb:76:in `dispatch'
  actionpack (4.2.5) lib/action_dispatch/routing/route_set.rb:45:in `serve'
  actionpack (4.2.5) lib/action_dispatch/journey/router.rb:43:in `block in serve'
  actionpack (4.2.5) lib/action_dispatch/journey/router.rb:30:in `each'
  actionpack (4.2.5) lib/action_dispatch/journey/router.rb:30:in `serve'
  actionpack (4.2.5) lib/action_dispatch/routing/route_set.rb:817:in `call'
  omniauth (1.3.1) lib/omniauth/strategy.rb:408:in `call_app!'
  omniauth (1.3.1) lib/omniauth/strategy.rb:362:in `callback_phase'
  omniauth-oauth2 (1.4.0) lib/omniauth/strategies/oauth2.rb:75:in `callback_phase'
  omniauth-facebook (4.0.0) lib/omniauth/strategies/facebook.rb:67:in `block in callback_phase'
  omniauth-facebook (4.0.0) lib/omniauth/strategies/facebook.rb:131:in `with_authorization_code!'
  omniauth-facebook (4.0.0) lib/omniauth/strategies/facebook.rb:66:in `callback_phase'
  omniauth (1.3.1) lib/omniauth/strategy.rb:227:in `callback_call'
  omniauth (1.3.1) lib/omniauth/strategy.rb:184:in `call!'
  omniauth (1.3.1) lib/omniauth/strategy.rb:164:in `call'
  omniauth (1.3.1) lib/omniauth/builder.rb:63:in `call'
  rack (1.6.5) lib/rack/etag.rb:24:in `call'
  rack (1.6.5) lib/rack/conditionalget.rb:25:in `call'
  rack (1.6.5) lib/rack/head.rb:13:in `call'
  actionpack (4.2.5) lib/action_dispatch/middleware/params_parser.rb:27:in `call'
  actionpack (4.2.5) lib/action_dispatch/middleware/flash.rb:260:in `call'
  rack (1.6.5) lib/rack/session/abstract/id.rb:225:in `context'
  rack (1.6.5) lib/rack/session/abstract/id.rb:220:in `call'
  actionpack (4.2.5) lib/action_dispatch/middleware/cookies.rb:560:in `call'
  activerecord (4.2.5) lib/active_record/query_cache.rb:36:in `call'
  activerecord (4.2.5) lib/active_record/connection_adapters/abstract/connection_pool.rb:653:in `call'
  activerecord (4.2.5) lib/active_record/migration.rb:377:in `call'
  actionpack (4.2.5) lib/action_dispatch/middleware/callbacks.rb:29:in `block in call'
  activesupport (4.2.5) lib/active_support/callbacks.rb:88:in `__run_callbacks__'
  activesupport (4.2.5) lib/active_support/callbacks.rb:778:in `_run_call_callbacks'
  activesupport (4.2.5) lib/active_support/callbacks.rb:81:in `run_callbacks'
  actionpack (4.2.5) lib/action_dispatch/middleware/callbacks.rb:27:in `call'
  actionpack (4.2.5) lib/action_dispatch/middleware/reloader.rb:73:in `call'
  actionpack (4.2.5) lib/action_dispatch/middleware/remote_ip.rb:78:in `call'
  actionpack (4.2.5) lib/action_dispatch/middleware/debug_exceptions.rb:17:in `call'
  web-console (2.3.0) lib/web_console/middleware.rb:28:in `block in call'
  web-console (2.3.0) lib/web_console/middleware.rb:18:in `catch'
  web-console (2.3.0) lib/web_console/middleware.rb:18:in `call'
  actionpack (4.2.5) lib/action_dispatch/middleware/show_exceptions.rb:30:in `call'
  railties (4.2.5) lib/rails/rack/logger.rb:38:in `call_app'
  railties (4.2.5) lib/rails/rack/logger.rb:20:in `block in call'
  activesupport (4.2.5) lib/active_support/tagged_logging.rb:68:in `block in tagged'
  activesupport (4.2.5) lib/active_support/tagged_logging.rb:26:in `tagged'
  activesupport (4.2.5) lib/active_support/tagged_logging.rb:68:in `tagged'
  railties (4.2.5) lib/rails/rack/logger.rb:20:in `call'
  actionpack (4.2.5) lib/action_dispatch/middleware/request_id.rb:21:in `call'
  rack (1.6.5) lib/rack/methodoverride.rb:22:in `call'
  rack (1.6.5) lib/rack/runtime.rb:18:in `call'
  activesupport (4.2.5) lib/active_support/cache/strategy/local_cache_middleware.rb:28:in `call'
  rack (1.6.5) lib/rack/lock.rb:17:in `call'
  actionpack (4.2.5) lib/action_dispatch/middleware/static.rb:116:in `call'
  rack (1.6.5) lib/rack/sendfile.rb:113:in `call'
  railties (4.2.5) lib/rails/engine.rb:518:in `call'
  railties (4.2.5) lib/rails/application.rb:165:in `call'
  rack (1.6.5) lib/rack/lock.rb:17:in `call'
  rack (1.6.5) lib/rack/content_length.rb:15:in `call'
  rack (1.6.5) lib/rack/handler/webrick.rb:88:in `service'
  /home/nextacademy/.rvm/rubies/ruby-2.3.1/lib/ruby/2.3.0/webrick/httpserver.rb:140:in `service'
  /home/nextacademy/.rvm/rubies/ruby-2.3.1/lib/ruby/2.3.0/webrick/httpserver.rb:96:in `run'
  /home/nextacademy/.rvm/rubies/ruby-2.3.1/lib/ruby/2.3.0/webrick/server.rb:296:in `block in start_thread'


  Rendered /home/nextacademy/.rvm/gems/ruby-2.3.1/gems/actionpack-4.2.5/lib/action_dispatch/middleware/templates/rescues/unknown_action.html.erb within rescues/layout (5.3ms)
  Rendered /home/nextacademy/.rvm/gems/ruby-2.3.1/gems/web-console-2.3.0/lib/web_console/templates/_markup.html.erb (1.5ms)
  Rendered /home/nextacademy/.rvm/gems/ruby-2.3.1/gems/web-console-2.3.0/lib/web_console/templates/_inner_console_markup.html.erb within layouts/inlined_string (0.9ms)
  Rendered /home/nextacademy/.rvm/gems/ruby-2.3.1/gems/web-console-2.3.0/lib/web_console/templates/_prompt_box_markup.html.erb within layouts/inlined_string (0.9ms)
  Rendered /home/nextacademy/.rvm/gems/ruby-2.3.1/gems/web-console-2.3.0/lib/web_console/templates/style.css.erb within layouts/inlined_string (1.0ms)
  Rendered /home/nextacademy/.rvm/gems/ruby-2.3.1/gems/web-console-2.3.0/lib/web_console/templates/console.js.erb within layouts/javascript (107.9ms)
  Rendered /home/nextacademy/.rvm/gems/ruby-2.3.1/gems/web-console-2.3.0/lib/web_console/templates/main.js.erb within layouts/javascript (0.9ms)
  Rendered /home/nextacademy/.rvm/gems/ruby-2.3.1/gems/web-console-2.3.0/lib/web_console/templates/error_page.js.erb within layouts/javascript (4.9ms)
  Rendered /home/nextacademy/.rvm/gems/ruby-2.3.1/gems/web-console-2.3.0/lib/web_console/templates/index.html.erb (312.5ms)


Started GET "/login" for 127.0.0.1 at 2016-12-27 12:00:03 +0800
Processing by SessionsController#new as HTML
  Rendered sessions/new.html.erb within layouts/application (8.8ms)
  Rendered layouts/_anonymous_user.html.erb (0.6ms)
Completed 200 OK in 722ms (Views: 720.8ms | ActiveRecord: 0.0ms)


Started GET "/login" for 127.0.0.1 at 2016-12-27 13:00:49 +0800
Processing by SessionsController#new as HTML
  Rendered sessions/new.html.erb within layouts/application (6.9ms)
  Rendered layouts/_anonymous_user.html.erb (3.9ms)
Completed 200 OK in 519ms (Views: 517.3ms | ActiveRecord: 0.0ms)


Started GET "/assets/items.self-4d03af92ca908a0db971cff68b9ec65587bb4b6692b84b3352bae13dfa7e9444.css?body=1" for 127.0.0.1 at 2016-12-27 13:00:50 +0800


Started GET "/assets/purchases.self-967d9d09d7878f80025de1b2b7077698e580ca5ff5746e6be4db3ed219f88724.css?body=1" for 127.0.0.1 at 2016-12-27 13:00:50 +0800


Started GET "/assets/application.self-c3eddb41429fc30dd182a65ac3b77f7ff62ee52d92f0d6a298f62e80689a6d80.css?body=1" for 127.0.0.1 at 2016-12-27 13:00:50 +0800


Started GET "/assets/bootstrap/alert.self-742145c5bb847aafdadc6e339be795628f8bc25f177e851f03a8c42278eb0312.js?body=1" for 127.0.0.1 at 2016-12-27 13:00:51 +0800


Started GET "/assets/jquery.self-660adc51e0224b731d29f575a6f1ec167ba08ad06ed5deca4f1e8654c135bf4c.js?body=1" for 127.0.0.1 at 2016-12-27 13:00:51 +0800


Started GET "/assets/jquery_ujs.self-e87806d0cf4489aeb1bb7288016024e8de67fd18db693fe026fe3907581e53cd.js?body=1" for 127.0.0.1 at 2016-12-27 13:00:51 +0800


Started GET "/assets/bootstrap/transition.self-6ad2488465135ab731a045a8ebbe3ea2fc501aed286042496eda1664fdd07ba9.js?body=1" for 127.0.0.1 at 2016-12-27 13:00:51 +0800


Started GET "/assets/bootstrap/button.self-126ac9bf0e7f2d8568f8da3a00fd5f0fac6eae0946331003370161fbf8d7975e.js?body=1" for 127.0.0.1 at 2016-12-27 13:00:51 +0800


Started GET "/assets/bootstrap/carousel.self-e47323f363ceb3dc0bdbce05e36e709ed428e339833a41140a85cb0af24b8127.js?body=1" for 127.0.0.1 at 2016-12-27 13:00:51 +0800


Started GET "/assets/bootstrap/collapse.self-2eb697f62b587bb786ff940d82dd4be88cdeeaf13ca128e3da3850c5fcaec301.js?body=1" for 127.0.0.1 at 2016-12-27 13:00:52 +0800


Started GET "/assets/bootstrap/dropdown.self-561cca1cbaf67474e01e9536f106bad541594860a6df997004591c1c1957a147.js?body=1" for 127.0.0.1 at 2016-12-27 13:00:52 +0800


Started GET "/assets/bootstrap/modal.self-3e78617ade5663314b7ee0ea10375a5b34d59ffbade44939e3f2a4e4ef2019b3.js?body=1" for 127.0.0.1 at 2016-12-27 13:00:52 +0800


Started GET "/assets/bootstrap/tab.self-5bf7078b682f8b131332eefa46b45fa5eff2eca745fc0d03e2991450888f7c28.js?body=1" for 127.0.0.1 at 2016-12-27 13:00:52 +0800


Started GET "/assets/bootstrap/affix.self-6d6f1a7fc5c8aabf3547fa1b794fab6268f54bc55ad815e55873c71f52513517.js?body=1" for 127.0.0.1 at 2016-12-27 13:00:52 +0800


Started GET "/assets/bootstrap/scrollspy.self-969f3c5f48cdf1e439c7fa1154c13b948715f5c689f87837c0b64521d3b46ef6.js?body=1" for 127.0.0.1 at 2016-12-27 13:00:52 +0800


Started GET "/assets/bootstrap/tooltip.self-05afb177e08f98997ccfc84fa08a215e4b27d48d5fe4d049080675e9dffd8199.js?body=1" for 127.0.0.1 at 2016-12-27 13:00:52 +0800


Started GET "/assets/bootstrap/popover.self-0aa93860b59fe7393f1dd490f54b3cb994f9d6155adffce034d4e14ae361b041.js?body=1" for 127.0.0.1 at 2016-12-27 13:00:52 +0800


Started GET "/assets/bootstrap-sprockets.self-fbfa5ad7d9aa0afe439ec4ff3883acc4cb92b62cb67c40d674320c9aa1d4642d.js?body=1" for 127.0.0.1 at 2016-12-27 13:00:52 +0800


Started GET "/assets/bootstrap.self-b38817c3e3a3049abb1fc08dd6ae448b23330f8453226efdb074710209474f75.js?body=1" for 127.0.0.1 at 2016-12-27 13:00:52 +0800


Started GET "/assets/turbolinks.self-c37727e9bd6b2735da5c311aa83fead54ed0be6cc8bd9a65309e9c5abe2cbfff.js?body=1" for 127.0.0.1 at 2016-12-27 13:00:52 +0800


Started GET "/assets/countdown.self-4514ebdeaa30ac8cb7358501abc8e7be61a0c66a5136801a185e4ba5d206d068.js?body=1" for 127.0.0.1 at 2016-12-27 13:00:52 +0800


Started GET "/assets/application.self-6f67ecab06da9ca4a72479618db8e412e0dfab1583de2a8b43112aa1aff79484.js?body=1" for 127.0.0.1 at 2016-12-27 13:00:52 +0800


Started GET "/auth/facebook" for 127.0.0.1 at 2016-12-27 13:02:11 +0800
(facebook) Request phase initiated.


Started GET "/auth/facebook" for 127.0.0.1 at 2016-12-27 13:02:12 +0800
(facebook) Request phase initiated.


Started GET "/auth/facebook/callback?code=AQA0kUGggKBRYDm6HXQktZwGg7kE2vxLIBCbTNviRmIBagOyI-LrMUKXndvVvVDd-cfudFmJDIePYQcIP_c6AnqeMZpOU_Y5QHlldaQHf08-PNtoTK6DZ5IPTpToDdijywWKor6OIW9nEB556us_wj0yyqox3tnLxvX0pNX4wvYxVApwkUh9FralLndPvZOnRISXgkG80i3khEvjicRI0RLjhGVXBkhXkKu4FuV6zqp1oH0GN8e8y_cwElkhG0jJ0JvgG4gDkdEe2x1Gd6joTNVQYg0ftWkQMJQSQPFlPziYxqCnlO8R49OnkyNSvHDyg5s&state=ccb565ca9257323b6ad1b06adb1b8a12f07785dbc7c093de" for 127.0.0.1 at 2016-12-27 13:02:14 +0800
(facebook) Callback phase initiated.
Processing by SessionsController#create_from_omniauth as HTML
  Parameters: {"code"=>"AQA0kUGggKBRYDm6HXQktZwGg7kE2vxLIBCbTNviRmIBagOyI-LrMUKXndvVvVDd-cfudFmJDIePYQcIP_c6AnqeMZpOU_Y5QHlldaQHf08-PNtoTK6DZ5IPTpToDdijywWKor6OIW9nEB556us_wj0yyqox3tnLxvX0pNX4wvYxVApwkUh9FralLndPvZOnRISXgkG80i3khEvjicRI0RLjhGVXBkhXkKu4FuV6zqp1oH0GN8e8y_cwElkhG0jJ0JvgG4gDkdEe2x1Gd6joTNVQYg0ftWkQMJQSQPFlPziYxqCnlO8R49OnkyNSvHDyg5s", "state"=>"ccb565ca9257323b6ad1b06adb1b8a12f07785dbc7c093de", "provider"=>"facebook"}
  [1m[35mAuthentication Load (56.3ms)[0m  SELECT  "authentications".* FROM "authentications" WHERE "authentications"."provider" = $1 AND "authentications"."uid" = $2 LIMIT 1  [["provider", "facebook"], ["uid", "10154685891200350"]]
  [1m[36m (0.6ms)[0m  [1mBEGIN[0m
  [1m[35mSQL (89.6ms)[0m  INSERT INTO "authentications" ("provider", "uid", "token", "created_at", "updated_at") VALUES ($1, $2, $3, $4, $5) RETURNING "id"  [["provider", "facebook"], ["uid", "10154685891200350"], ["token", "EAAXJ2w8HD6gBANgmFjAvehoPKfvyLwqkaVOjzqVwhZCloWZAJqlMQSZBOyEUd0M5OfYeO8tf5ZCsCRuxFupdvRpBHkn5w2w7P6ZANd3nVY8b0N7L0tZB2v04Y2JwwlkxiM09fCJhhQs63tZCruipOpH3feBI3ZAPqB4ZD"], ["created_at", "2016-12-27 05:02:19.056869"], ["updated_at", "2016-12-27 05:02:19.056869"]]
  [1m[36m (2.7ms)[0m  [1mCOMMIT[0m
Completed 500 Internal Server Error in 1872ms (ActiveRecord: 435.3ms)

NoMethodError (undefined method `name=' for #<User:0x000000038fc750>):
  app/models/user.rb:30:in `block in create_with_auth_and_hash'
  app/models/user.rb:28:in `create_with_auth_and_hash'
  app/controllers/sessions_controller.rb:22:in `create_from_omniauth'


  Rendered /home/nextacademy/.rvm/gems/ruby-2.3.1/gems/actionpack-4.2.5/lib/action_dispatch/middleware/templates/rescues/_source.erb (116.2ms)
  Rendered /home/nextacademy/.rvm/gems/ruby-2.3.1/gems/actionpack-4.2.5/lib/action_dispatch/middleware/templates/rescues/_trace.html.erb (30.4ms)
  Rendered /home/nextacademy/.rvm/gems/ruby-2.3.1/gems/actionpack-4.2.5/lib/action_dispatch/middleware/templates/rescues/_request_and_response.html.erb (9.4ms)
  Rendered /home/nextacademy/.rvm/gems/ruby-2.3.1/gems/actionpack-4.2.5/lib/action_dispatch/middleware/templates/rescues/diagnostics.html.erb within rescues/layout (436.5ms)
  Rendered /home/nextacademy/.rvm/gems/ruby-2.3.1/gems/web-console-2.3.0/lib/web_console/templates/_markup.html.erb (2.0ms)
  Rendered /home/nextacademy/.rvm/gems/ruby-2.3.1/gems/web-console-2.3.0/lib/web_console/templates/_inner_console_markup.html.erb within layouts/inlined_string (0.9ms)
  Rendered /home/nextacademy/.rvm/gems/ruby-2.3.1/gems/web-console-2.3.0/lib/web_console/templates/_prompt_box_markup.html.erb within layouts/inlined_string (6.1ms)
  Rendered /home/nextacademy/.rvm/gems/ruby-2.3.1/gems/web-console-2.3.0/lib/web_console/templates/style.css.erb within layouts/inlined_string (1.5ms)
  Rendered /home/nextacademy/.rvm/gems/ruby-2.3.1/gems/web-console-2.3.0/lib/web_console/templates/console.js.erb within layouts/javascript (139.9ms)
  Rendered /home/nextacademy/.rvm/gems/ruby-2.3.1/gems/web-console-2.3.0/lib/web_console/templates/main.js.erb within layouts/javascript (6.7ms)
  Rendered /home/nextacademy/.rvm/gems/ruby-2.3.1/gems/web-console-2.3.0/lib/web_console/templates/error_page.js.erb within layouts/javascript (2.1ms)
  Rendered /home/nextacademy/.rvm/gems/ruby-2.3.1/gems/web-console-2.3.0/lib/web_console/templates/index.html.erb (278.4ms)


Started GET "/auth/facebook/callback?code=AQA0kUGggKBRYDm6HXQktZwGg7kE2vxLIBCbTNviRmIBagOyI-LrMUKXndvVvVDd-cfudFmJDIePYQcIP_c6AnqeMZpOU_Y5QHlldaQHf08-PNtoTK6DZ5IPTpToDdijywWKor6OIW9nEB556us_wj0yyqox3tnLxvX0pNX4wvYxVApwkUh9FralLndPvZOnRISXgkG80i3khEvjicRI0RLjhGVXBkhXkKu4FuV6zqp1oH0GN8e8y_cwElkhG0jJ0JvgG4gDkdEe2x1Gd6joTNVQYg0ftWkQMJQSQPFlPziYxqCnlO8R49OnkyNSvHDyg5s&state=ccb565ca9257323b6ad1b06adb1b8a12f07785dbc7c093de" for 127.0.0.1 at 2016-12-27 13:04:55 +0800
(facebook) Callback phase initiated.
(facebook) Authentication failure! invalid_credentials: OAuth2::Error, {"message"=>"This authorization code has been used.", "type"=>"OAuthException", "code"=>100, "fbtrace_id"=>"ApgJn1Eia/e"}: 
{"error":{"message":"This authorization code has been used.","type":"OAuthException","code":100,"fbtrace_id":"ApgJn1Eia\/e"}}

OAuth2::Error ({"message"=>"This authorization code has been used.", "type"=>"OAuthException", "code"=>100, "fbtrace_id"=>"ApgJn1Eia/e"}: 
{"error":{"message":"This authorization code has been used.","type":"OAuthException","code":100,"fbtrace_id":"ApgJn1Eia\/e"}}):
  oauth2 (1.2.0) lib/oauth2/client.rb:113:in `request'
  oauth2 (1.2.0) lib/oauth2/client.rb:138:in `get_token'
  oauth2 (1.2.0) lib/oauth2/strategy/auth_code.rb:29:in `get_token'
  omniauth-oauth2 (1.4.0) lib/omniauth/strategies/oauth2.rb:89:in `build_access_token'
  omniauth-facebook (4.0.0) lib/omniauth/strategies/facebook.rb:110:in `build_access_token'
  omniauth-oauth2 (1.4.0) lib/omniauth/strategies/oauth2.rb:73:in `callback_phase'
  omniauth-facebook (4.0.0) lib/omniauth/strategies/facebook.rb:67:in `block in callback_phase'
  omniauth-facebook (4.0.0) lib/omniauth/strategies/facebook.rb:131:in `with_authorization_code!'
  omniauth-facebook (4.0.0) lib/omniauth/strategies/facebook.rb:66:in `callback_phase'
  omniauth (1.3.1) lib/omniauth/strategy.rb:227:in `callback_call'
  omniauth (1.3.1) lib/omniauth/strategy.rb:184:in `call!'
  omniauth (1.3.1) lib/omniauth/strategy.rb:164:in `call'
  omniauth (1.3.1) lib/omniauth/builder.rb:63:in `call'
  rack (1.6.5) lib/rack/etag.rb:24:in `call'
  rack (1.6.5) lib/rack/conditionalget.rb:25:in `call'
  rack (1.6.5) lib/rack/head.rb:13:in `call'
  actionpack (4.2.5) lib/action_dispatch/middleware/params_parser.rb:27:in `call'
  actionpack (4.2.5) lib/action_dispatch/middleware/flash.rb:260:in `call'
  rack (1.6.5) lib/rack/session/abstract/id.rb:225:in `context'
  rack (1.6.5) lib/rack/session/abstract/id.rb:220:in `call'
  actionpack (4.2.5) lib/action_dispatch/middleware/cookies.rb:560:in `call'
  activerecord (4.2.5) lib/active_record/query_cache.rb:36:in `call'
  activerecord (4.2.5) lib/active_record/connection_adapters/abstract/connection_pool.rb:653:in `call'
  activerecord (4.2.5) lib/active_record/migration.rb:377:in `call'
  actionpack (4.2.5) lib/action_dispatch/middleware/callbacks.rb:29:in `block in call'
  activesupport (4.2.5) lib/active_support/callbacks.rb:88:in `__run_callbacks__'
  activesupport (4.2.5) lib/active_support/callbacks.rb:778:in `_run_call_callbacks'
  activesupport (4.2.5) lib/active_support/callbacks.rb:81:in `run_callbacks'
  actionpack (4.2.5) lib/action_dispatch/middleware/callbacks.rb:27:in `call'
  actionpack (4.2.5) lib/action_dispatch/middleware/reloader.rb:73:in `call'
  actionpack (4.2.5) lib/action_dispatch/middleware/remote_ip.rb:78:in `call'
  actionpack (4.2.5) lib/action_dispatch/middleware/debug_exceptions.rb:17:in `call'
  web-console (2.3.0) lib/web_console/middleware.rb:28:in `block in call'
  web-console (2.3.0) lib/web_console/middleware.rb:18:in `catch'
  web-console (2.3.0) lib/web_console/middleware.rb:18:in `call'
  actionpack (4.2.5) lib/action_dispatch/middleware/show_exceptions.rb:30:in `call'
  railties (4.2.5) lib/rails/rack/logger.rb:38:in `call_app'
  railties (4.2.5) lib/rails/rack/logger.rb:20:in `block in call'
  activesupport (4.2.5) lib/active_support/tagged_logging.rb:68:in `block in tagged'
  activesupport (4.2.5) lib/active_support/tagged_logging.rb:26:in `tagged'
  activesupport (4.2.5) lib/active_support/tagged_logging.rb:68:in `tagged'
  railties (4.2.5) lib/rails/rack/logger.rb:20:in `call'
  actionpack (4.2.5) lib/action_dispatch/middleware/request_id.rb:21:in `call'
  rack (1.6.5) lib/rack/methodoverride.rb:22:in `call'
  rack (1.6.5) lib/rack/runtime.rb:18:in `call'
  activesupport (4.2.5) lib/active_support/cache/strategy/local_cache_middleware.rb:28:in `call'
  rack (1.6.5) lib/rack/lock.rb:17:in `call'
  actionpack (4.2.5) lib/action_dispatch/middleware/static.rb:116:in `call'
  rack (1.6.5) lib/rack/sendfile.rb:113:in `call'
  railties (4.2.5) lib/rails/engine.rb:518:in `call'
  railties (4.2.5) lib/rails/application.rb:165:in `call'
  rack (1.6.5) lib/rack/lock.rb:17:in `call'
  rack (1.6.5) lib/rack/content_length.rb:15:in `call'
  rack (1.6.5) lib/rack/handler/webrick.rb:88:in `service'
  /home/nextacademy/.rvm/rubies/ruby-2.3.1/lib/ruby/2.3.0/webrick/httpserver.rb:140:in `service'
  /home/nextacademy/.rvm/rubies/ruby-2.3.1/lib/ruby/2.3.0/webrick/httpserver.rb:96:in `run'
  /home/nextacademy/.rvm/rubies/ruby-2.3.1/lib/ruby/2.3.0/webrick/server.rb:296:in `block in start_thread'


  Rendered /home/nextacademy/.rvm/gems/ruby-2.3.1/gems/actionpack-4.2.5/lib/action_dispatch/middleware/templates/rescues/_source.erb (42.2ms)
  Rendered /home/nextacademy/.rvm/gems/ruby-2.3.1/gems/actionpack-4.2.5/lib/action_dispatch/middleware/templates/rescues/_trace.html.erb (21.8ms)
  Rendered /home/nextacademy/.rvm/gems/ruby-2.3.1/gems/actionpack-4.2.5/lib/action_dispatch/middleware/templates/rescues/_request_and_response.html.erb (18.4ms)
  Rendered /home/nextacademy/.rvm/gems/ruby-2.3.1/gems/actionpack-4.2.5/lib/action_dispatch/middleware/templates/rescues/diagnostics.html.erb within rescues/layout (203.8ms)
  Rendered /home/nextacademy/.rvm/gems/ruby-2.3.1/gems/web-console-2.3.0/lib/web_console/templates/_markup.html.erb (5.3ms)
  Rendered /home/nextacademy/.rvm/gems/ruby-2.3.1/gems/web-console-2.3.0/lib/web_console/templates/_inner_console_markup.html.erb within layouts/inlined_string (1.0ms)
  Rendered /home/nextacademy/.rvm/gems/ruby-2.3.1/gems/web-console-2.3.0/lib/web_console/templates/_prompt_box_markup.html.erb within layouts/inlined_string (1.0ms)
  Rendered /home/nextacademy/.rvm/gems/ruby-2.3.1/gems/web-console-2.3.0/lib/web_console/templates/style.css.erb within layouts/inlined_string (1.0ms)
  Rendered /home/nextacademy/.rvm/gems/ruby-2.3.1/gems/web-console-2.3.0/lib/web_console/templates/console.js.erb within layouts/javascript (267.6ms)
  Rendered /home/nextacademy/.rvm/gems/ruby-2.3.1/gems/web-console-2.3.0/lib/web_console/templates/main.js.erb within layouts/javascript (0.9ms)
  Rendered /home/nextacademy/.rvm/gems/ruby-2.3.1/gems/web-console-2.3.0/lib/web_console/templates/error_page.js.erb within layouts/javascript (4.1ms)
  Rendered /home/nextacademy/.rvm/gems/ruby-2.3.1/gems/web-console-2.3.0/lib/web_console/templates/index.html.erb (403.5ms)


Started GET "/login" for 127.0.0.1 at 2016-12-27 13:30:42 +0800
Processing by SessionsController#new as HTML
  Rendered sessions/new.html.erb within layouts/application (4.9ms)
  Rendered layouts/_anonymous_user.html.erb (0.9ms)
Completed 200 OK in 787ms (Views: 785.4ms | ActiveRecord: 0.0ms)


Started GET "/users/new" for 127.0.0.1 at 2016-12-27 13:35:32 +0800
Processing by UsersController#new as HTML
  Rendered users/new.html.erb within layouts/application (25.5ms)
  Rendered layouts/_anonymous_user.html.erb (0.7ms)
Completed 200 OK in 412ms (Views: 334.7ms | ActiveRecord: 5.5ms)
